d:\learningmaterial\2019_2020_spring\comp4411\project\project_3\rayskels20\release\vc142.pdb
d:\learningmaterial\2019_2020_spring\comp4411\project\project_3\rayskels20\release\trimesh.obj
d:\learningmaterial\2019_2020_spring\comp4411\project\project_3\rayskels20\release\square.obj
d:\learningmaterial\2019_2020_spring\comp4411\project\project_3\rayskels20\release\sphere.obj
d:\learningmaterial\2019_2020_spring\comp4411\project\project_3\rayskels20\release\cylinder.obj
d:\learningmaterial\2019_2020_spring\comp4411\project\project_3\rayskels20\release\cone.obj
d:\learningmaterial\2019_2020_spring\comp4411\project\project_3\rayskels20\release\box.obj
d:\learningmaterial\2019_2020_spring\comp4411\project\project_3\rayskels20\release\scene.obj
d:\learningmaterial\2019_2020_spring\comp4411\project\project_3\rayskels20\release\ray.obj
d:\learningmaterial\2019_2020_spring\comp4411\project\project_3\rayskels20\release\material.obj
d:\learningmaterial\2019_2020_spring\comp4411\project\project_3\rayskels20\release\light.obj
d:\learningmaterial\2019_2020_spring\comp4411\project\project_3\rayskels20\release\camera.obj
d:\learningmaterial\2019_2020_spring\comp4411\project\project_3\rayskels20\release\vecmath.obj
d:\learningmaterial\2019_2020_spring\comp4411\project\project_3\rayskels20\release\read.obj
d:\learningmaterial\2019_2020_spring\comp4411\project\project_3\rayskels20\release\parse.obj
d:\learningmaterial\2019_2020_spring\comp4411\project\project_3\rayskels20\release\bitmap.obj
d:\learningmaterial\2019_2020_spring\comp4411\project\project_3\rayskels20\release\traceui.obj
d:\learningmaterial\2019_2020_spring\comp4411\project\project_3\rayskels20\release\traceglwindow.obj
d:\learningmaterial\2019_2020_spring\comp4411\project\project_3\rayskels20\release\raytracer.obj
d:\learningmaterial\2019_2020_spring\comp4411\project\project_3\rayskels20\release\main.obj
d:\learningmaterial\2019_2020_spring\comp4411\project\project_3\rayskels20\release\getopt.obj
d:\learningmaterial\2019_2020_spring\comp4411\project\project_3\rayskels20\release\ray.exe
d:\learningmaterial\2019_2020_spring\comp4411\project\project_3\rayskels20\release\ray.map
d:\learningmaterial\2019_2020_spring\comp4411\project\project_3\rayskels20\release\ray.pdb
d:\learningmaterial\2019_2020_spring\comp4411\project\project_3\rayskels20\release\ray.tlog\cl.command.1.tlog
d:\learningmaterial\2019_2020_spring\comp4411\project\project_3\rayskels20\release\ray.tlog\cl.read.1.tlog
d:\learningmaterial\2019_2020_spring\comp4411\project\project_3\rayskels20\release\ray.tlog\cl.write.1.tlog
d:\learningmaterial\2019_2020_spring\comp4411\project\project_3\rayskels20\release\ray.tlog\link.command.1.tlog
d:\learningmaterial\2019_2020_spring\comp4411\project\project_3\rayskels20\release\ray.tlog\link.read.1.tlog
d:\learningmaterial\2019_2020_spring\comp4411\project\project_3\rayskels20\release\ray.tlog\link.write.1.tlog
